<?xml version="1.0" encoding="UTF-8"?>
<testsuite xmlns:xsi="http://www.w3.org/2001/XMLSchema-instance" xsi:noNamespaceSchemaLocation="https://maven.apache.org/surefire/maven-surefire-plugin/xsd/surefire-test-report-3.0.xsd" version="3.0" name="com.runner.TestRunner" time="49.356" tests="1" errors="0" skipped="0" failures="0">
  <properties>
[...]
</properties>
  <testcase name="user enterd is on home page" classname="Title of your feature" time="48.139">
    <system-out><![CDATA[
@Edit @Login
Scenario: user enterd is on home page &amp#27;[90m# src/test/resources/FeaturesFiles/EditProfile.feature:7&amp#27;[0m
  &amp#27;[32mGiven &amp#27;[0m&amp#27;[32muser in on login page&amp#27;[0m         &amp#27;[90m# com.stepDefination.naukriloginpage.user_in_on_login_page()&amp#27;[0m
  &amp#27;[32mThen &amp#27;[0m&amp#27;[32muser enterd user name&amp#27;[0m          &amp#27;[90m# com.stepDefination.naukriloginpage.user_enterd_user_name()&amp#27;[0m
  &amp#27;[32mAnd &amp#27;[0m&amp#27;[32muser enter password&amp#27;[0m             &amp#27;[90m# com.stepDefination.naukriloginpage.user_enter_password()&amp#27;[0m
  &amp#27;[32mThen &amp#27;[0m&amp#27;[32muser click on login button&amp#27;[0m     &amp#27;[90m# com.stepDefination.naukriloginpage.user_click_on_login_button()&amp#27;[0m
  &amp#27;[32mThen &amp#27;[0m&amp#27;[32muser is on home page&amp#27;[0m           &amp#27;[90m# com.stepDefination.naukriloginpage.user_is_on_home_page()&amp#27;[0m
  &amp#27;[32mGiven &amp#27;[0m&amp#27;[32muser click on a mynaukri&amp#27;[0m      &amp#27;[90m# com.stepDefination.EditProfile.user_click_on_a_mynaukri()&amp#27;[0m
  &amp#27;[32mAnd &amp#27;[0m&amp#27;[32muser clik on EditProfiles&amp#27;[0m       &amp#27;[90m# com.stepDefination.EditProfile.user_clik_on_edit_profiles()&amp#27;[0m
  &amp#27;[32mWhen &amp#27;[0m&amp#27;[32muser clik on a resumeupdate&amp#27;[0m    &amp#27;[90m# com.stepDefination.EditProfile.user_clik_on_a_resumeupdate()&amp#27;[0m
nsvigsted to dscejjksdn

    Embedding user enterd is on home page [image/png 89628 bytes]

]]></system-out>
    <system-err><![CDATA[Jun 01, 2022 4:16:08 PM io.cucumber.core.runtime.FeaturePathFeatureSupplier$FeatureBuilder addUnique
SEVERE: Duplicate feature found: file:///C:/Users/HP/eclipse-workspace/CucumberPractice/./target/test-classes/FeaturesFiles/EditProfile.feature was identical to file:///C:/Users/HP/eclipse-workspace/CucumberPractice/./src/test/resources/FeaturesFiles/EditProfile.feature

This typically happens when you configure cucumber to look for features in the root of your project.
Your build tool creates a copy of these features in a 'target' or 'build'directory.

If your features are on the class path consider using a class path URI.
For example: 'classpath:com/example/app.feature'
Otherwise you'll have to provide a more specific location
Jun 01, 2022 4:16:08 PM io.cucumber.core.runtime.FeaturePathFeatureSupplier$FeatureBuilder addUnique
SEVERE: Duplicate feature found: file:///C:/Users/HP/eclipse-workspace/CucumberPractice/./target/test-classes/FeaturesFiles/Mahesh.feature was identical to file:///C:/Users/HP/eclipse-workspace/CucumberPractice/./src/test/resources/FeaturesFiles/Mahesh.feature

This typically happens when you configure cucumber to look for features in the root of your project.
Your build tool creates a copy of these features in a 'target' or 'build'directory.

If your features are on the class path consider using a class path URI.
For example: 'classpath:com/example/app.feature'
Otherwise you'll have to provide a more specific location
Starting ChromeDriver 102.0.5005.61 (0e59bcc00cc4985ce39ad31c150065f159d95ad3-refs/branch-heads/5005@{#819}) on port 43781
Only local connections are allowed.
Please see https://chromedriver.chromium.org/security-considerations for suggestions on keeping ChromeDriver safe.
ChromeDriver was started successfully.
Jun 01, 2022 4:16:15 PM org.openqa.selenium.remote.ProtocolHandshake createSession
INFO: Detected dialect: W3C
]]></system-err>
  </testcase>
</testsuite>